<?xml version="1.0" encoding="UTF-8"?>
<testng-results ignored="0" total="1" passed="1" failed="0" skipped="0">
  <reporter-output>
  </reporter-output>
  <suite started-at="2024-11-10T20:22:48 IST" name="Default suite" finished-at="2024-11-10T20:23:00 IST" duration-ms="12199">
    <groups>
    </groups>
    <test started-at="2024-11-10T20:22:48 IST" name="Default test" finished-at="2024-11-10T20:23:00 IST" duration-ms="12199">
      <class name="widgets.MenuTests">
        <test-method is-config="true" signature="StartBrowser()[pri:0, instance:widgets.MenuTests@56cdfb3b]" started-at="2024-11-10T20:22:48 IST" name="StartBrowser" finished-at="2024-11-10T20:22:59 IST" duration-ms="11534" status="PASS">
          <reporter-output>
          </reporter-output>
        </test-method> <!-- StartBrowser -->
        <test-method signature="MenuTest()[pri:0, instance:widgets.MenuTests@56cdfb3b]" started-at="2024-11-10T20:22:59 IST" name="MenuTest" finished-at="2024-11-10T20:23:00 IST" duration-ms="651" status="PASS">
          <reporter-output>
          </reporter-output>
        </test-method> <!-- MenuTest -->
      </class> <!-- widgets.MenuTests -->
    </test> <!-- Default test -->
  </suite> <!-- Default suite -->
</testng-results>
