<?xml version="1.0" encoding="UTF-8"?>
<testng-results ignored="0" total="1" passed="1" failed="0" skipped="0">
  <reporter-output>
  </reporter-output>
  <suite started-at="2024-11-12T17:52:37 IST" name="Default suite" finished-at="2024-11-12T17:52:44 IST" duration-ms="6391">
    <groups>
    </groups>
    <test started-at="2024-11-12T17:52:37 IST" name="Default test" finished-at="2024-11-12T17:52:44 IST" duration-ms="6391">
      <class name="interactionsTests.SortableTests">
        <test-method is-config="true" signature="StartBrowser()[pri:0, instance:interactionsTests.SortableTests@56cdfb3b]" started-at="2024-11-12T17:52:37 IST" name="StartBrowser" finished-at="2024-11-12T17:52:41 IST" duration-ms="3219" status="PASS">
          <reporter-output>
          </reporter-output>
        </test-method> <!-- StartBrowser -->
        <test-method signature="SortableTest()[pri:0, instance:interactionsTests.SortableTests@56cdfb3b]" started-at="2024-11-12T17:52:41 IST" name="SortableTest" finished-at="2024-11-12T17:52:44 IST" duration-ms="3158" status="PASS">
          <reporter-output>
          </reporter-output>
        </test-method> <!-- SortableTest -->
      </class> <!-- interactionsTests.SortableTests -->
    </test> <!-- Default test -->
  </suite> <!-- Default suite -->
</testng-results>
