<?xml version="1.0" encoding="UTF-8"?>
<testng-results ignored="0" total="27" passed="21" failed="4" skipped="2">
  <reporter-output>
  </reporter-output>
  <suite started-at="2025-01-23T13:39:34 IST" name="Suite" finished-at="2025-01-23T13:44:46 IST" duration-ms="312107">
    <groups>
    </groups>
    <test started-at="2025-01-23T13:39:34 IST" name="Test" finished-at="2025-01-23T13:44:46 IST" duration-ms="312107">
      <class name="widgets.AutoCompleteTests">
        <test-method is-config="true" signature="LaunchApplication()[pri:0, instance:widgets.AutoCompleteTests@6b927fb]" started-at="2025-01-23T13:43:28 IST" name="LaunchApplication" finished-at="2025-01-23T13:43:34 IST" duration-ms="5678" status="PASS">
          <reporter-output>
          </reporter-output>
        </test-method> <!-- LaunchApplication -->
        <test-method signature="AutoCompleteTest()[pri:0, instance:widgets.AutoCompleteTests@6b927fb]" started-at="2025-01-23T13:43:34 IST" name="AutoCompleteTest" finished-at="2025-01-23T13:43:34 IST" duration-ms="574" status="PASS">
          <reporter-output>
          </reporter-output>
        </test-method> <!-- AutoCompleteTest -->
        <test-method is-config="true" signature="tearDown()[pri:0, instance:widgets.AutoCompleteTests@6b927fb]" started-at="2025-01-23T13:43:34 IST" name="tearDown" finished-at="2025-01-23T13:43:34 IST" duration-ms="92" status="PASS">
          <reporter-output>
          </reporter-output>
        </test-method> <!-- tearDown -->
      </class> <!-- widgets.AutoCompleteTests -->
      <class name="ElementsTests.textBoxTest">
        <test-method is-config="true" signature="LaunchApplication()[pri:0, instance:ElementsTests.textBoxTest@323b36e0]" started-at="2025-01-23T13:40:22 IST" name="LaunchApplication" finished-at="2025-01-23T13:40:30 IST" duration-ms="7366" status="PASS">
          <reporter-output>
          </reporter-output>
        </test-method> <!-- LaunchApplication -->
        <test-method signature="TextBox()[pri:0, instance:ElementsTests.textBoxTest@323b36e0]" started-at="2025-01-23T13:40:30 IST" name="TextBox" finished-at="2025-01-23T13:40:30 IST" duration-ms="613" status="PASS">
          <reporter-output>
          </reporter-output>
        </test-method> <!-- TextBox -->
        <test-method is-config="true" signature="tearDown()[pri:0, instance:ElementsTests.textBoxTest@323b36e0]" started-at="2025-01-23T13:40:30 IST" name="tearDown" finished-at="2025-01-23T13:40:30 IST" duration-ms="90" status="PASS">
          <reporter-output>
          </reporter-output>
        </test-method> <!-- tearDown -->
      </class> <!-- ElementsTests.textBoxTest -->
      <class name="ElementsTests.radioButtonTest">
        <test-method is-config="true" signature="LaunchApplication()[pri:0, instance:ElementsTests.radioButtonTest@4fb0f2b9]" started-at="2025-01-23T13:43:59 IST" name="LaunchApplication" finished-at="2025-01-23T13:44:05 IST" duration-ms="5400" status="PASS">
          <reporter-output>
          </reporter-output>
        </test-method> <!-- LaunchApplication -->
        <test-method signature="RadioBtnTest()[pri:0, instance:ElementsTests.radioButtonTest@4fb0f2b9]" started-at="2025-01-23T13:44:05 IST" name="RadioBtnTest" finished-at="2025-01-23T13:44:05 IST" duration-ms="401" status="PASS">
          <reporter-output>
          </reporter-output>
        </test-method> <!-- RadioBtnTest -->
        <test-method is-config="true" signature="tearDown()[pri:0, instance:ElementsTests.radioButtonTest@4fb0f2b9]" started-at="2025-01-23T13:44:05 IST" name="tearDown" finished-at="2025-01-23T13:44:05 IST" duration-ms="88" status="PASS">
          <reporter-output>
          </reporter-output>
        </test-method> <!-- tearDown -->
      </class> <!-- ElementsTests.radioButtonTest -->
      <class name="ElementsTests.DynamicPropertiesTest">
        <test-method is-config="true" signature="LaunchApplication()[pri:0, instance:ElementsTests.DynamicPropertiesTest@661972b0]" started-at="2025-01-23T13:39:55 IST" name="LaunchApplication" finished-at="2025-01-23T13:40:03 IST" duration-ms="8116" status="PASS">
          <reporter-output>
          </reporter-output>
        </test-method> <!-- LaunchApplication -->
        <test-method signature="DynamicPropTest()[pri:0, instance:ElementsTests.DynamicPropertiesTest@661972b0]" started-at="2025-01-23T13:40:03 IST" name="DynamicPropTest" finished-at="2025-01-23T13:40:08 IST" duration-ms="5431" status="PASS">
          <reporter-output>
          </reporter-output>
        </test-method> <!-- DynamicPropTest -->
        <test-method is-config="true" signature="tearDown()[pri:0, instance:ElementsTests.DynamicPropertiesTest@661972b0]" started-at="2025-01-23T13:40:08 IST" name="tearDown" finished-at="2025-01-23T13:40:08 IST" duration-ms="101" status="PASS">
          <reporter-output>
          </reporter-output>
        </test-method> <!-- tearDown -->
      </class> <!-- ElementsTests.DynamicPropertiesTest -->
      <class name="ElementsTests.checkBoxTest">
        <test-method is-config="true" signature="LaunchApplication()[pri:0, instance:ElementsTests.checkBoxTest@4fb61f4a]" started-at="2025-01-23T13:43:41 IST" name="LaunchApplication" finished-at="2025-01-23T13:43:46 IST" duration-ms="5608" status="PASS">
          <reporter-output>
          </reporter-output>
        </test-method> <!-- LaunchApplication -->
        <test-method signature="CheckBox()[pri:0, instance:ElementsTests.checkBoxTest@4fb61f4a]" started-at="2025-01-23T13:43:46 IST" name="CheckBox" finished-at="2025-01-23T13:43:59 IST" duration-ms="12598" status="PASS">
          <reporter-output>
          </reporter-output>
        </test-method> <!-- CheckBox -->
        <test-method is-config="true" signature="tearDown()[pri:0, instance:ElementsTests.checkBoxTest@4fb61f4a]" started-at="2025-01-23T13:43:59 IST" name="tearDown" finished-at="2025-01-23T13:43:59 IST" duration-ms="102" status="PASS">
          <reporter-output>
          </reporter-output>
        </test-method> <!-- tearDown -->
      </class> <!-- ElementsTests.checkBoxTest -->
      <class name="widgets.MenuTests">
        <test-method is-config="true" signature="LaunchApplication()[pri:0, instance:widgets.MenuTests@4567f35d]" started-at="2025-01-23T13:40:56 IST" name="LaunchApplication" finished-at="2025-01-23T13:41:01 IST" duration-ms="5407" status="PASS">
          <reporter-output>
          </reporter-output>
        </test-method> <!-- LaunchApplication -->
        <test-method signature="MenuTest()[pri:0, instance:widgets.MenuTests@4567f35d]" started-at="2025-01-23T13:41:01 IST" name="MenuTest" finished-at="2025-01-23T13:41:32 IST" duration-ms="30996" status="FAIL">
          <exception class="org.openqa.selenium.TimeoutException">
            <message>
              <![CDATA[Expected condition failed: waiting for visibility of [[ChromeDriver: chrome on mac (4d1fc833841f78b4b448ad87782a7516)] -> xpath: //ul[@id='nav']/li[2]/ul/li[3]/ul/li] (tried for 30 second(s) with 500 milliseconds interval)
Build info: version: '4.28.0', revision: 'ac342546e9'
System info: os.name: 'Mac OS X', os.arch: 'aarch64', os.version: '15.2', java.version: '21.0.5'
Driver info: org.openqa.selenium.chrome.ChromeDriver
Capabilities {acceptInsecureCerts: false, browserName: chrome, browserVersion: 132.0.6834.83, chrome: {chromedriverVersion: 132.0.6834.110 (df453a35f09..., userDataDir: /var/folders/67/bllzsgkd0gj...}, fedcm:accounts: true, goog:chromeOptions: {debuggerAddress: localhost:59159}, networkConnectionEnabled: false, pageLoadStrategy: normal, platformName: mac, proxy: Proxy(), se:cdp: ws://localhost:59159/devtoo..., se:cdpVersion: 132.0.6834.83, setWindowRect: true, strictFileInteractability: false, timeouts: {implicit: 0, pageLoad: 300000, script: 30000}, unhandledPromptBehavior: dismiss and notify, webauthn:extension:credBlob: true, webauthn:extension:largeBlob: true, webauthn:extension:minPinLength: true, webauthn:extension:prf: true, webauthn:virtualAuthenticators: true}
Session ID: 4d1fc833841f78b4b448ad87782a7516]]>
            </message>
            <full-stacktrace>
              <![CDATA[org.openqa.selenium.TimeoutException: Expected condition failed: waiting for visibility of [[ChromeDriver: chrome on mac (4d1fc833841f78b4b448ad87782a7516)] -> xpath: //ul[@id='nav']/li[2]/ul/li[3]/ul/li] (tried for 30 second(s) with 500 milliseconds interval)
Build info: version: '4.28.0', revision: 'ac342546e9'
System info: os.name: 'Mac OS X', os.arch: 'aarch64', os.version: '15.2', java.version: '21.0.5'
Driver info: org.openqa.selenium.chrome.ChromeDriver
Capabilities {acceptInsecureCerts: false, browserName: chrome, browserVersion: 132.0.6834.83, chrome: {chromedriverVersion: 132.0.6834.110 (df453a35f09..., userDataDir: /var/folders/67/bllzsgkd0gj...}, fedcm:accounts: true, goog:chromeOptions: {debuggerAddress: localhost:59159}, networkConnectionEnabled: false, pageLoadStrategy: normal, platformName: mac, proxy: Proxy(), se:cdp: ws://localhost:59159/devtoo..., se:cdpVersion: 132.0.6834.83, setWindowRect: true, strictFileInteractability: false, timeouts: {implicit: 0, pageLoad: 300000, script: 30000}, unhandledPromptBehavior: dismiss and notify, webauthn:extension:credBlob: true, webauthn:extension:largeBlob: true, webauthn:extension:minPinLength: true, webauthn:extension:prf: true, webauthn:virtualAuthenticators: true}
Session ID: 4d1fc833841f78b4b448ad87782a7516
at org.openqa.selenium.support.ui.WebDriverWait.timeoutException(WebDriverWait.java:84)
at org.openqa.selenium.support.ui.FluentWait.until(FluentWait.java:228)
at Resources.BasicActions.WaitForElementToBeVisibile(BasicActions.java:41)
at Resources.BasicActions.GetText(BasicActions.java:69)
at widgets.MenuTests.MenuTest(MenuTests.java:26)
at java.base/jdk.internal.reflect.DirectMethodHandleAccessor.invoke(DirectMethodHandleAccessor.java:103)
at java.base/java.lang.reflect.Method.invoke(Method.java:580)
at org.testng.internal.MethodInvocationHelper.invokeMethod(MethodInvocationHelper.java:133)
at org.testng.internal.TestInvoker.invokeMethod(TestInvoker.java:598)
at org.testng.internal.TestInvoker.invokeTestMethod(TestInvoker.java:173)
at org.testng.internal.MethodRunner.runInSequence(MethodRunner.java:46)
at org.testng.internal.TestInvoker$MethodInvocationAgent.invoke(TestInvoker.java:824)
at org.testng.internal.TestInvoker.invokeTestMethods(TestInvoker.java:146)
at org.testng.internal.TestMethodWorker.invokeTestMethods(TestMethodWorker.java:146)
at org.testng.internal.TestMethodWorker.run(TestMethodWorker.java:128)
at java.base/java.util.ArrayList.forEach(ArrayList.java:1596)
at org.testng.TestRunner.privateRun(TestRunner.java:794)
at org.testng.TestRunner.run(TestRunner.java:596)
at org.testng.SuiteRunner.runTest(SuiteRunner.java:377)
at org.testng.SuiteRunner.runSequentially(SuiteRunner.java:371)
at org.testng.SuiteRunner.privateRun(SuiteRunner.java:332)
at org.testng.SuiteRunner.run(SuiteRunner.java:276)
at org.testng.SuiteRunnerWorker.runSuite(SuiteRunnerWorker.java:53)
at org.testng.SuiteRunnerWorker.run(SuiteRunnerWorker.java:96)
at org.testng.TestNG.runSuitesSequentially(TestNG.java:1212)
at org.testng.TestNG.runSuitesLocally(TestNG.java:1134)
at org.testng.TestNG.runSuites(TestNG.java:1063)
at org.testng.TestNG.run(TestNG.java:1031)
at org.testng.remote.AbstractRemoteTestNG.run(AbstractRemoteTestNG.java:115)
at org.testng.remote.RemoteTestNG.initAndRun(RemoteTestNG.java:293)
at org.testng.remote.RemoteTestNG.main(RemoteTestNG.java:91)
]]>
            </full-stacktrace>
          </exception> <!-- org.openqa.selenium.TimeoutException -->
          <reporter-output>
          </reporter-output>
        </test-method> <!-- MenuTest -->
        <test-method is-config="true" signature="tearDown()[pri:0, instance:widgets.MenuTests@4567f35d]" started-at="2025-01-23T13:41:32 IST" name="tearDown" finished-at="2025-01-23T13:41:32 IST" duration-ms="122" status="PASS">
          <reporter-output>
          </reporter-output>
        </test-method> <!-- tearDown -->
      </class> <!-- widgets.MenuTests -->
      <class name="ElementsTests.BrokenLInksImagesTest">
        <test-method is-config="true" signature="LaunchApplication()[pri:0, instance:ElementsTests.BrokenLInksImagesTest@7c729a55]" started-at="2025-01-23T13:39:40 IST" name="LaunchApplication" finished-at="2025-01-23T13:39:42 IST" duration-ms="1764" status="FAIL">
          <exception class="org.openqa.selenium.WebDriverException">
            <message>
              <![CDATA[unknown error: net::ERR_CONNECTION_REFUSED
  (Session info: chrome=132.0.6834.83)
Build info: version: '4.28.0', revision: 'ac342546e9'
System info: os.name: 'Mac OS X', os.arch: 'aarch64', os.version: '15.2', java.version: '21.0.5'
Driver info: org.openqa.selenium.chrome.ChromeDriver
Command: [07f1f758cdd57f75bed3894f03b2dc17, get {url=https://demoqa.com/}]
Capabilities {acceptInsecureCerts: false, browserName: chrome, browserVersion: 132.0.6834.83, chrome: {chromedriverVersion: 132.0.6834.110 (df453a35f09..., userDataDir: /var/folders/67/bllzsgkd0gj...}, fedcm:accounts: true, goog:chromeOptions: {debuggerAddress: localhost:58449}, networkConnectionEnabled: false, pageLoadStrategy: normal, platformName: mac, proxy: Proxy(), se:cdp: ws://localhost:58449/devtoo..., se:cdpVersion: 132.0.6834.83, setWindowRect: true, strictFileInteractability: false, timeouts: {implicit: 0, pageLoad: 300000, script: 30000}, unhandledPromptBehavior: dismiss and notify, webauthn:extension:credBlob: true, webauthn:extension:largeBlob: true, webauthn:extension:minPinLength: true, webauthn:extension:prf: true, webauthn:virtualAuthenticators: true}
Session ID: 07f1f758cdd57f75bed3894f03b2dc17]]>
            </message>
            <full-stacktrace>
              <![CDATA[org.openqa.selenium.WebDriverException: unknown error: net::ERR_CONNECTION_REFUSED
  (Session info: chrome=132.0.6834.83)
Build info: version: '4.28.0', revision: 'ac342546e9'
System info: os.name: 'Mac OS X', os.arch: 'aarch64', os.version: '15.2', java.version: '21.0.5'
Driver info: org.openqa.selenium.chrome.ChromeDriver
Command: [07f1f758cdd57f75bed3894f03b2dc17, get {url=https://demoqa.com/}]
Capabilities {acceptInsecureCerts: false, browserName: chrome, browserVersion: 132.0.6834.83, chrome: {chromedriverVersion: 132.0.6834.110 (df453a35f09..., userDataDir: /var/folders/67/bllzsgkd0gj...}, fedcm:accounts: true, goog:chromeOptions: {debuggerAddress: localhost:58449}, networkConnectionEnabled: false, pageLoadStrategy: normal, platformName: mac, proxy: Proxy(), se:cdp: ws://localhost:58449/devtoo..., se:cdpVersion: 132.0.6834.83, setWindowRect: true, strictFileInteractability: false, timeouts: {implicit: 0, pageLoad: 300000, script: 30000}, unhandledPromptBehavior: dismiss and notify, webauthn:extension:credBlob: true, webauthn:extension:largeBlob: true, webauthn:extension:minPinLength: true, webauthn:extension:prf: true, webauthn:virtualAuthenticators: true}
Session ID: 07f1f758cdd57f75bed3894f03b2dc17
at java.base/jdk.internal.reflect.DirectConstructorHandleAccessor.newInstance(DirectConstructorHandleAccessor.java:62)
at java.base/java.lang.reflect.Constructor.newInstanceWithCaller(Constructor.java:502)
at java.base/java.lang.reflect.Constructor.newInstance(Constructor.java:486)
at org.openqa.selenium.remote.ErrorCodec.decode(ErrorCodec.java:167)
at org.openqa.selenium.remote.codec.w3c.W3CHttpResponseCodec.decode(W3CHttpResponseCodec.java:138)
at org.openqa.selenium.remote.codec.w3c.W3CHttpResponseCodec.decode(W3CHttpResponseCodec.java:50)
at org.openqa.selenium.remote.HttpCommandExecutor.execute(HttpCommandExecutor.java:215)
at org.openqa.selenium.remote.service.DriverCommandExecutor.invokeExecute(DriverCommandExecutor.java:216)
at org.openqa.selenium.remote.service.DriverCommandExecutor.execute(DriverCommandExecutor.java:174)
at org.openqa.selenium.remote.RemoteWebDriver.execute(RemoteWebDriver.java:545)
at org.openqa.selenium.remote.RemoteWebDriver.get(RemoteWebDriver.java:313)
at Resources.Base.LaunchApplication(Base.java:31)
at java.base/jdk.internal.reflect.DirectMethodHandleAccessor.invoke(DirectMethodHandleAccessor.java:103)
at java.base/java.lang.reflect.Method.invoke(Method.java:580)
at org.testng.internal.MethodInvocationHelper.invokeMethod(MethodInvocationHelper.java:133)
at org.testng.internal.MethodInvocationHelper.invokeMethodConsideringTimeout(MethodInvocationHelper.java:62)
at org.testng.internal.ConfigInvoker.invokeConfigurationMethod(ConfigInvoker.java:385)
at org.testng.internal.ConfigInvoker.invokeConfigurations(ConfigInvoker.java:321)
at org.testng.internal.TestInvoker.runConfigMethods(TestInvoker.java:700)
at org.testng.internal.TestInvoker.invokeMethod(TestInvoker.java:527)
at org.testng.internal.TestInvoker.invokeTestMethod(TestInvoker.java:173)
at org.testng.internal.MethodRunner.runInSequence(MethodRunner.java:46)
at org.testng.internal.TestInvoker$MethodInvocationAgent.invoke(TestInvoker.java:824)
at org.testng.internal.TestInvoker.invokeTestMethods(TestInvoker.java:146)
at org.testng.internal.TestMethodWorker.invokeTestMethods(TestMethodWorker.java:146)
at org.testng.internal.TestMethodWorker.run(TestMethodWorker.java:128)
at java.base/java.util.ArrayList.forEach(ArrayList.java:1596)
at org.testng.TestRunner.privateRun(TestRunner.java:794)
at org.testng.TestRunner.run(TestRunner.java:596)
at org.testng.SuiteRunner.runTest(SuiteRunner.java:377)
at org.testng.SuiteRunner.runSequentially(SuiteRunner.java:371)
at org.testng.SuiteRunner.privateRun(SuiteRunner.java:332)
at org.testng.SuiteRunner.run(SuiteRunner.java:276)
at org.testng.SuiteRunnerWorker.runSuite(SuiteRunnerWorker.java:53)
at org.testng.SuiteRunnerWorker.run(SuiteRunnerWorker.java:96)
at org.testng.TestNG.runSuitesSequentially(TestNG.java:1212)
at org.testng.TestNG.runSuitesLocally(TestNG.java:1134)
at org.testng.TestNG.runSuites(TestNG.java:1063)
at org.testng.TestNG.run(TestNG.java:1031)
at org.testng.remote.AbstractRemoteTestNG.run(AbstractRemoteTestNG.java:115)
at org.testng.remote.RemoteTestNG.initAndRun(RemoteTestNG.java:293)
at org.testng.remote.RemoteTestNG.main(RemoteTestNG.java:91)
]]>
            </full-stacktrace>
          </exception> <!-- org.openqa.selenium.WebDriverException -->
          <reporter-output>
          </reporter-output>
        </test-method> <!-- LaunchApplication -->
        <test-method signature="BrokenImagesTest()[pri:0, instance:ElementsTests.BrokenLInksImagesTest@7c729a55]" started-at="2025-01-23T13:39:42 IST" name="BrokenImagesTest" finished-at="2025-01-23T13:39:42 IST" duration-ms="0" status="SKIP">
          <exception class="org.openqa.selenium.WebDriverException">
            <message>
              <![CDATA[unknown error: net::ERR_CONNECTION_REFUSED
  (Session info: chrome=132.0.6834.83)
Build info: version: '4.28.0', revision: 'ac342546e9'
System info: os.name: 'Mac OS X', os.arch: 'aarch64', os.version: '15.2', java.version: '21.0.5'
Driver info: org.openqa.selenium.chrome.ChromeDriver
Command: [07f1f758cdd57f75bed3894f03b2dc17, get {url=https://demoqa.com/}]
Capabilities {acceptInsecureCerts: false, browserName: chrome, browserVersion: 132.0.6834.83, chrome: {chromedriverVersion: 132.0.6834.110 (df453a35f09..., userDataDir: /var/folders/67/bllzsgkd0gj...}, fedcm:accounts: true, goog:chromeOptions: {debuggerAddress: localhost:58449}, networkConnectionEnabled: false, pageLoadStrategy: normal, platformName: mac, proxy: Proxy(), se:cdp: ws://localhost:58449/devtoo..., se:cdpVersion: 132.0.6834.83, setWindowRect: true, strictFileInteractability: false, timeouts: {implicit: 0, pageLoad: 300000, script: 30000}, unhandledPromptBehavior: dismiss and notify, webauthn:extension:credBlob: true, webauthn:extension:largeBlob: true, webauthn:extension:minPinLength: true, webauthn:extension:prf: true, webauthn:virtualAuthenticators: true}
Session ID: 07f1f758cdd57f75bed3894f03b2dc17]]>
            </message>
            <full-stacktrace>
              <![CDATA[org.openqa.selenium.WebDriverException: unknown error: net::ERR_CONNECTION_REFUSED
  (Session info: chrome=132.0.6834.83)
Build info: version: '4.28.0', revision: 'ac342546e9'
System info: os.name: 'Mac OS X', os.arch: 'aarch64', os.version: '15.2', java.version: '21.0.5'
Driver info: org.openqa.selenium.chrome.ChromeDriver
Command: [07f1f758cdd57f75bed3894f03b2dc17, get {url=https://demoqa.com/}]
Capabilities {acceptInsecureCerts: false, browserName: chrome, browserVersion: 132.0.6834.83, chrome: {chromedriverVersion: 132.0.6834.110 (df453a35f09..., userDataDir: /var/folders/67/bllzsgkd0gj...}, fedcm:accounts: true, goog:chromeOptions: {debuggerAddress: localhost:58449}, networkConnectionEnabled: false, pageLoadStrategy: normal, platformName: mac, proxy: Proxy(), se:cdp: ws://localhost:58449/devtoo..., se:cdpVersion: 132.0.6834.83, setWindowRect: true, strictFileInteractability: false, timeouts: {implicit: 0, pageLoad: 300000, script: 30000}, unhandledPromptBehavior: dismiss and notify, webauthn:extension:credBlob: true, webauthn:extension:largeBlob: true, webauthn:extension:minPinLength: true, webauthn:extension:prf: true, webauthn:virtualAuthenticators: true}
Session ID: 07f1f758cdd57f75bed3894f03b2dc17
at java.base/jdk.internal.reflect.DirectConstructorHandleAccessor.newInstance(DirectConstructorHandleAccessor.java:62)
at java.base/java.lang.reflect.Constructor.newInstanceWithCaller(Constructor.java:502)
at java.base/java.lang.reflect.Constructor.newInstance(Constructor.java:486)
at org.openqa.selenium.remote.ErrorCodec.decode(ErrorCodec.java:167)
at org.openqa.selenium.remote.codec.w3c.W3CHttpResponseCodec.decode(W3CHttpResponseCodec.java:138)
at org.openqa.selenium.remote.codec.w3c.W3CHttpResponseCodec.decode(W3CHttpResponseCodec.java:50)
at org.openqa.selenium.remote.HttpCommandExecutor.execute(HttpCommandExecutor.java:215)
at org.openqa.selenium.remote.service.DriverCommandExecutor.invokeExecute(DriverCommandExecutor.java:216)
at org.openqa.selenium.remote.service.DriverCommandExecutor.execute(DriverCommandExecutor.java:174)
at org.openqa.selenium.remote.RemoteWebDriver.execute(RemoteWebDriver.java:545)
at org.openqa.selenium.remote.RemoteWebDriver.get(RemoteWebDriver.java:313)
at Resources.Base.LaunchApplication(Base.java:31)
at java.base/jdk.internal.reflect.DirectMethodHandleAccessor.invoke(DirectMethodHandleAccessor.java:103)
at java.base/java.lang.reflect.Method.invoke(Method.java:580)
at org.testng.internal.MethodInvocationHelper.invokeMethod(MethodInvocationHelper.java:133)
at org.testng.internal.MethodInvocationHelper.invokeMethodConsideringTimeout(MethodInvocationHelper.java:62)
at org.testng.internal.ConfigInvoker.invokeConfigurationMethod(ConfigInvoker.java:385)
at org.testng.internal.ConfigInvoker.invokeConfigurations(ConfigInvoker.java:321)
at org.testng.internal.TestInvoker.runConfigMethods(TestInvoker.java:700)
at org.testng.internal.TestInvoker.invokeMethod(TestInvoker.java:527)
at org.testng.internal.TestInvoker.invokeTestMethod(TestInvoker.java:173)
at org.testng.internal.MethodRunner.runInSequence(MethodRunner.java:46)
at org.testng.internal.TestInvoker$MethodInvocationAgent.invoke(TestInvoker.java:824)
at org.testng.internal.TestInvoker.invokeTestMethods(TestInvoker.java:146)
at org.testng.internal.TestMethodWorker.invokeTestMethods(TestMethodWorker.java:146)
at org.testng.internal.TestMethodWorker.run(TestMethodWorker.java:128)
at java.base/java.util.ArrayList.forEach(ArrayList.java:1596)
at org.testng.TestRunner.privateRun(TestRunner.java:794)
at org.testng.TestRunner.run(TestRunner.java:596)
at org.testng.SuiteRunner.runTest(SuiteRunner.java:377)
at org.testng.SuiteRunner.runSequentially(SuiteRunner.java:371)
at org.testng.SuiteRunner.privateRun(SuiteRunner.java:332)
at org.testng.SuiteRunner.run(SuiteRunner.java:276)
at org.testng.SuiteRunnerWorker.runSuite(SuiteRunnerWorker.java:53)
at org.testng.SuiteRunnerWorker.run(SuiteRunnerWorker.java:96)
at org.testng.TestNG.runSuitesSequentially(TestNG.java:1212)
at org.testng.TestNG.runSuitesLocally(TestNG.java:1134)
at org.testng.TestNG.runSuites(TestNG.java:1063)
at org.testng.TestNG.run(TestNG.java:1031)
at org.testng.remote.AbstractRemoteTestNG.run(AbstractRemoteTestNG.java:115)
at org.testng.remote.RemoteTestNG.initAndRun(RemoteTestNG.java:293)
at org.testng.remote.RemoteTestNG.main(RemoteTestNG.java:91)
]]>
            </full-stacktrace>
          </exception> <!-- org.openqa.selenium.WebDriverException -->
          <reporter-output>
          </reporter-output>
        </test-method> <!-- BrokenImagesTest -->
        <test-method is-config="true" signature="tearDown()[pri:0, instance:ElementsTests.BrokenLInksImagesTest@7c729a55]" started-at="2025-01-23T13:39:42 IST" name="tearDown" finished-at="1970-01-01T05:30:00 IST" duration-ms="-1737619782091" status="SKIP">
          <reporter-output>
          </reporter-output>
        </test-method> <!-- tearDown -->
        <test-method is-config="true" signature="LaunchApplication()[pri:0, instance:ElementsTests.BrokenLInksImagesTest@7c729a55]" started-at="2025-01-23T13:39:42 IST" name="LaunchApplication" finished-at="1970-01-01T05:30:00 IST" duration-ms="-1737619782092" status="SKIP">
          <reporter-output>
          </reporter-output>
        </test-method> <!-- LaunchApplication -->
        <test-method signature="BrokenLinkTest()[pri:0, instance:ElementsTests.BrokenLInksImagesTest@7c729a55]" started-at="2025-01-23T13:39:42 IST" name="BrokenLinkTest" finished-at="2025-01-23T13:39:42 IST" duration-ms="0" status="SKIP">
          <exception class="org.openqa.selenium.WebDriverException">
            <message>
              <![CDATA[unknown error: net::ERR_CONNECTION_REFUSED
  (Session info: chrome=132.0.6834.83)
Build info: version: '4.28.0', revision: 'ac342546e9'
System info: os.name: 'Mac OS X', os.arch: 'aarch64', os.version: '15.2', java.version: '21.0.5'
Driver info: org.openqa.selenium.chrome.ChromeDriver
Command: [07f1f758cdd57f75bed3894f03b2dc17, get {url=https://demoqa.com/}]
Capabilities {acceptInsecureCerts: false, browserName: chrome, browserVersion: 132.0.6834.83, chrome: {chromedriverVersion: 132.0.6834.110 (df453a35f09..., userDataDir: /var/folders/67/bllzsgkd0gj...}, fedcm:accounts: true, goog:chromeOptions: {debuggerAddress: localhost:58449}, networkConnectionEnabled: false, pageLoadStrategy: normal, platformName: mac, proxy: Proxy(), se:cdp: ws://localhost:58449/devtoo..., se:cdpVersion: 132.0.6834.83, setWindowRect: true, strictFileInteractability: false, timeouts: {implicit: 0, pageLoad: 300000, script: 30000}, unhandledPromptBehavior: dismiss and notify, webauthn:extension:credBlob: true, webauthn:extension:largeBlob: true, webauthn:extension:minPinLength: true, webauthn:extension:prf: true, webauthn:virtualAuthenticators: true}
Session ID: 07f1f758cdd57f75bed3894f03b2dc17]]>
            </message>
            <full-stacktrace>
              <![CDATA[org.openqa.selenium.WebDriverException: unknown error: net::ERR_CONNECTION_REFUSED
  (Session info: chrome=132.0.6834.83)
Build info: version: '4.28.0', revision: 'ac342546e9'
System info: os.name: 'Mac OS X', os.arch: 'aarch64', os.version: '15.2', java.version: '21.0.5'
Driver info: org.openqa.selenium.chrome.ChromeDriver
Command: [07f1f758cdd57f75bed3894f03b2dc17, get {url=https://demoqa.com/}]
Capabilities {acceptInsecureCerts: false, browserName: chrome, browserVersion: 132.0.6834.83, chrome: {chromedriverVersion: 132.0.6834.110 (df453a35f09..., userDataDir: /var/folders/67/bllzsgkd0gj...}, fedcm:accounts: true, goog:chromeOptions: {debuggerAddress: localhost:58449}, networkConnectionEnabled: false, pageLoadStrategy: normal, platformName: mac, proxy: Proxy(), se:cdp: ws://localhost:58449/devtoo..., se:cdpVersion: 132.0.6834.83, setWindowRect: true, strictFileInteractability: false, timeouts: {implicit: 0, pageLoad: 300000, script: 30000}, unhandledPromptBehavior: dismiss and notify, webauthn:extension:credBlob: true, webauthn:extension:largeBlob: true, webauthn:extension:minPinLength: true, webauthn:extension:prf: true, webauthn:virtualAuthenticators: true}
Session ID: 07f1f758cdd57f75bed3894f03b2dc17
at java.base/jdk.internal.reflect.DirectConstructorHandleAccessor.newInstance(DirectConstructorHandleAccessor.java:62)
at java.base/java.lang.reflect.Constructor.newInstanceWithCaller(Constructor.java:502)
at java.base/java.lang.reflect.Constructor.newInstance(Constructor.java:486)
at org.openqa.selenium.remote.ErrorCodec.decode(ErrorCodec.java:167)
at org.openqa.selenium.remote.codec.w3c.W3CHttpResponseCodec.decode(W3CHttpResponseCodec.java:138)
at org.openqa.selenium.remote.codec.w3c.W3CHttpResponseCodec.decode(W3CHttpResponseCodec.java:50)
at org.openqa.selenium.remote.HttpCommandExecutor.execute(HttpCommandExecutor.java:215)
at org.openqa.selenium.remote.service.DriverCommandExecutor.invokeExecute(DriverCommandExecutor.java:216)
at org.openqa.selenium.remote.service.DriverCommandExecutor.execute(DriverCommandExecutor.java:174)
at org.openqa.selenium.remote.RemoteWebDriver.execute(RemoteWebDriver.java:545)
at org.openqa.selenium.remote.RemoteWebDriver.get(RemoteWebDriver.java:313)
at Resources.Base.LaunchApplication(Base.java:31)
at java.base/jdk.internal.reflect.DirectMethodHandleAccessor.invoke(DirectMethodHandleAccessor.java:103)
at java.base/java.lang.reflect.Method.invoke(Method.java:580)
at org.testng.internal.MethodInvocationHelper.invokeMethod(MethodInvocationHelper.java:133)
at org.testng.internal.MethodInvocationHelper.invokeMethodConsideringTimeout(MethodInvocationHelper.java:62)
at org.testng.internal.ConfigInvoker.invokeConfigurationMethod(ConfigInvoker.java:385)
at org.testng.internal.ConfigInvoker.invokeConfigurations(ConfigInvoker.java:321)
at org.testng.internal.TestInvoker.runConfigMethods(TestInvoker.java:700)
at org.testng.internal.TestInvoker.invokeMethod(TestInvoker.java:527)
at org.testng.internal.TestInvoker.invokeTestMethod(TestInvoker.java:173)
at org.testng.internal.MethodRunner.runInSequence(MethodRunner.java:46)
at org.testng.internal.TestInvoker$MethodInvocationAgent.invoke(TestInvoker.java:824)
at org.testng.internal.TestInvoker.invokeTestMethods(TestInvoker.java:146)
at org.testng.internal.TestMethodWorker.invokeTestMethods(TestMethodWorker.java:146)
at org.testng.internal.TestMethodWorker.run(TestMethodWorker.java:128)
at java.base/java.util.ArrayList.forEach(ArrayList.java:1596)
at org.testng.TestRunner.privateRun(TestRunner.java:794)
at org.testng.TestRunner.run(TestRunner.java:596)
at org.testng.SuiteRunner.runTest(SuiteRunner.java:377)
at org.testng.SuiteRunner.runSequentially(SuiteRunner.java:371)
at org.testng.SuiteRunner.privateRun(SuiteRunner.java:332)
at org.testng.SuiteRunner.run(SuiteRunner.java:276)
at org.testng.SuiteRunnerWorker.runSuite(SuiteRunnerWorker.java:53)
at org.testng.SuiteRunnerWorker.run(SuiteRunnerWorker.java:96)
at org.testng.TestNG.runSuitesSequentially(TestNG.java:1212)
at org.testng.TestNG.runSuitesLocally(TestNG.java:1134)
at org.testng.TestNG.runSuites(TestNG.java:1063)
at org.testng.TestNG.run(TestNG.java:1031)
at org.testng.remote.AbstractRemoteTestNG.run(AbstractRemoteTestNG.java:115)
at org.testng.remote.RemoteTestNG.initAndRun(RemoteTestNG.java:293)
at org.testng.remote.RemoteTestNG.main(RemoteTestNG.java:91)
]]>
            </full-stacktrace>
          </exception> <!-- org.openqa.selenium.WebDriverException -->
          <reporter-output>
          </reporter-output>
        </test-method> <!-- BrokenLinkTest -->
        <test-method is-config="true" signature="tearDown()[pri:0, instance:ElementsTests.BrokenLInksImagesTest@7c729a55]" started-at="2025-01-23T13:39:42 IST" name="tearDown" finished-at="1970-01-01T05:30:00 IST" duration-ms="-1737619782094" status="SKIP">
          <reporter-output>
          </reporter-output>
        </test-method> <!-- tearDown -->
      </class> <!-- ElementsTests.BrokenLInksImagesTest -->
      <class name="widgets.ProgressBarTests">
        <test-method is-config="true" signature="LaunchApplication()[pri:0, instance:widgets.ProgressBarTests@4cc451f2]" started-at="2025-01-23T13:44:29 IST" name="LaunchApplication" finished-at="2025-01-23T13:44:34 IST" duration-ms="5494" status="PASS">
          <reporter-output>
          </reporter-output>
        </test-method> <!-- LaunchApplication -->
        <test-method signature="ProgressBarTest()[pri:0, instance:widgets.ProgressBarTests@4cc451f2]" started-at="2025-01-23T13:44:34 IST" name="ProgressBarTest" finished-at="2025-01-23T13:44:46 IST" duration-ms="11856" status="PASS">
          <reporter-output>
          </reporter-output>
        </test-method> <!-- ProgressBarTest -->
        <test-method is-config="true" signature="tearDown()[pri:0, instance:widgets.ProgressBarTests@4cc451f2]" started-at="2025-01-23T13:44:46 IST" name="tearDown" finished-at="2025-01-23T13:44:46 IST" duration-ms="104" status="PASS">
          <reporter-output>
          </reporter-output>
        </test-method> <!-- tearDown -->
      </class> <!-- widgets.ProgressBarTests -->
      <class name="alertsFrameAndWindows.ModalDialogTests">
        <test-method is-config="true" signature="LaunchApplication()[pri:0, instance:alertsFrameAndWindows.ModalDialogTests@4a94ee4]" started-at="2025-01-23T13:44:21 IST" name="LaunchApplication" finished-at="2025-01-23T13:44:27 IST" duration-ms="5697" status="PASS">
          <reporter-output>
          </reporter-output>
        </test-method> <!-- LaunchApplication -->
        <test-method signature="ModalTest()[pri:0, instance:alertsFrameAndWindows.ModalDialogTests@4a94ee4]" started-at="2025-01-23T13:44:27 IST" name="ModalTest" finished-at="2025-01-23T13:44:29 IST" duration-ms="1976" status="PASS">
          <reporter-output>
          </reporter-output>
        </test-method> <!-- ModalTest -->
        <test-method is-config="true" signature="tearDown()[pri:0, instance:alertsFrameAndWindows.ModalDialogTests@4a94ee4]" started-at="2025-01-23T13:44:29 IST" name="tearDown" finished-at="2025-01-23T13:44:29 IST" duration-ms="95" status="PASS">
          <reporter-output>
          </reporter-output>
        </test-method> <!-- tearDown -->
      </class> <!-- alertsFrameAndWindows.ModalDialogTests -->
      <class name="ElementsTests.buttonsTest">
        <test-method is-config="true" signature="LaunchApplication()[pri:0, instance:ElementsTests.buttonsTest@7b9a4292]" started-at="2025-01-23T13:44:12 IST" name="LaunchApplication" finished-at="2025-01-23T13:44:20 IST" duration-ms="8136" status="PASS">
          <reporter-output>
          </reporter-output>
        </test-method> <!-- LaunchApplication -->
        <test-method signature="ButtonsTest()[pri:0, instance:ElementsTests.buttonsTest@7b9a4292]" started-at="2025-01-23T13:44:20 IST" name="ButtonsTest" finished-at="2025-01-23T13:44:21 IST" duration-ms="634" status="PASS">
          <reporter-output>
          </reporter-output>
        </test-method> <!-- ButtonsTest -->
        <test-method is-config="true" signature="tearDown()[pri:0, instance:ElementsTests.buttonsTest@7b9a4292]" started-at="2025-01-23T13:44:21 IST" name="tearDown" finished-at="2025-01-23T13:44:21 IST" duration-ms="89" status="PASS">
          <reporter-output>
          </reporter-output>
        </test-method> <!-- tearDown -->
      </class> <!-- ElementsTests.buttonsTest -->
      <class name="widgets.TabTests">
        <test-method is-config="true" signature="LaunchApplication()[pri:0, instance:widgets.TabTests@5af3afd9]" started-at="2025-01-23T13:40:08 IST" name="LaunchApplication" finished-at="2025-01-23T13:40:21 IST" duration-ms="12374" status="PASS">
          <reporter-output>
          </reporter-output>
        </test-method> <!-- LaunchApplication -->
        <test-method signature="TabTest()[pri:0, instance:widgets.TabTests@5af3afd9]" started-at="2025-01-23T13:40:21 IST" name="TabTest" finished-at="2025-01-23T13:40:22 IST" duration-ms="1554" status="PASS">
          <reporter-output>
          </reporter-output>
        </test-method> <!-- TabTest -->
        <test-method is-config="true" signature="tearDown()[pri:0, instance:widgets.TabTests@5af3afd9]" started-at="2025-01-23T13:40:22 IST" name="tearDown" finished-at="2025-01-23T13:40:22 IST" duration-ms="95" status="PASS">
          <reporter-output>
          </reporter-output>
        </test-method> <!-- tearDown -->
      </class> <!-- widgets.TabTests -->
      <class name="alertsFrameAndWindows.FramesTests">
        <test-method is-config="true" signature="LaunchApplication()[pri:0, instance:alertsFrameAndWindows.FramesTests@1fa268de]" started-at="2025-01-23T13:43:00 IST" name="LaunchApplication" finished-at="2025-01-23T13:43:06 IST" duration-ms="5245" status="PASS">
          <reporter-output>
          </reporter-output>
        </test-method> <!-- LaunchApplication -->
        <test-method signature="FramesTest()[pri:0, instance:alertsFrameAndWindows.FramesTests@1fa268de]" started-at="2025-01-23T13:43:06 IST" name="FramesTest" finished-at="2025-01-23T13:43:06 IST" duration-ms="587" status="PASS">
          <reporter-output>
          </reporter-output>
        </test-method> <!-- FramesTest -->
        <test-method is-config="true" signature="tearDown()[pri:0, instance:alertsFrameAndWindows.FramesTests@1fa268de]" started-at="2025-01-23T13:43:06 IST" name="tearDown" finished-at="2025-01-23T13:43:06 IST" duration-ms="91" status="PASS">
          <reporter-output>
          </reporter-output>
        </test-method> <!-- tearDown -->
      </class> <!-- alertsFrameAndWindows.FramesTests -->
      <class name="alertsFrameAndWindows.BrowserWindowsTest">
        <test-method is-config="true" signature="LaunchApplication()[pri:0, instance:alertsFrameAndWindows.BrowserWindowsTest@1ea9f6af]" started-at="2025-01-23T13:39:34 IST" name="LaunchApplication" finished-at="2025-01-23T13:39:39 IST" duration-ms="5345" status="PASS">
          <reporter-output>
          </reporter-output>
        </test-method> <!-- LaunchApplication -->
        <test-method signature="BrowserWindow()[pri:0, instance:alertsFrameAndWindows.BrowserWindowsTest@1ea9f6af]" started-at="2025-01-23T13:39:39 IST" name="BrowserWindow" finished-at="2025-01-23T13:39:40 IST" duration-ms="316" status="FAIL">
          <exception class="org.openqa.selenium.NoSuchElementException">
            <message>
              <![CDATA[no such element: Unable to locate element: {"method":"xpath","selector":"//h1[@id='sampleHeading']"}
  (Session info: chrome=132.0.6834.83)
For documentation on this error, please visit: https://www.selenium.dev/documentation/webdriver/troubleshooting/errors#no-such-element-exception
Build info: version: '4.28.0', revision: 'ac342546e9'
System info: os.name: 'Mac OS X', os.arch: 'aarch64', os.version: '15.2', java.version: '21.0.5'
Driver info: org.openqa.selenium.chrome.ChromeDriver
Command: [a4605a407059514f09604facc91f6fe2, findElement {value=//h1[@id='sampleHeading'], using=xpath}]
Capabilities {acceptInsecureCerts: false, browserName: chrome, browserVersion: 132.0.6834.83, chrome: {chromedriverVersion: 132.0.6834.110 (df453a35f09..., userDataDir: /var/folders/67/bllzsgkd0gj...}, fedcm:accounts: true, goog:chromeOptions: {debuggerAddress: localhost:58391}, networkConnectionEnabled: false, pageLoadStrategy: normal, platformName: mac, proxy: Proxy(), se:cdp: ws://localhost:58391/devtoo..., se:cdpVersion: 132.0.6834.83, setWindowRect: true, strictFileInteractability: false, timeouts: {implicit: 0, pageLoad: 300000, script: 30000}, unhandledPromptBehavior: dismiss and notify, webauthn:extension:credBlob: true, webauthn:extension:largeBlob: true, webauthn:extension:minPinLength: true, webauthn:extension:prf: true, webauthn:virtualAuthenticators: true}
Session ID: a4605a407059514f09604facc91f6fe2]]>
            </message>
            <full-stacktrace>
              <![CDATA[org.openqa.selenium.NoSuchElementException: no such element: Unable to locate element: {"method":"xpath","selector":"//h1[@id='sampleHeading']"}
  (Session info: chrome=132.0.6834.83)
For documentation on this error, please visit: https://www.selenium.dev/documentation/webdriver/troubleshooting/errors#no-such-element-exception
Build info: version: '4.28.0', revision: 'ac342546e9'
System info: os.name: 'Mac OS X', os.arch: 'aarch64', os.version: '15.2', java.version: '21.0.5'
Driver info: org.openqa.selenium.chrome.ChromeDriver
Command: [a4605a407059514f09604facc91f6fe2, findElement {value=//h1[@id='sampleHeading'], using=xpath}]
Capabilities {acceptInsecureCerts: false, browserName: chrome, browserVersion: 132.0.6834.83, chrome: {chromedriverVersion: 132.0.6834.110 (df453a35f09..., userDataDir: /var/folders/67/bllzsgkd0gj...}, fedcm:accounts: true, goog:chromeOptions: {debuggerAddress: localhost:58391}, networkConnectionEnabled: false, pageLoadStrategy: normal, platformName: mac, proxy: Proxy(), se:cdp: ws://localhost:58391/devtoo..., se:cdpVersion: 132.0.6834.83, setWindowRect: true, strictFileInteractability: false, timeouts: {implicit: 0, pageLoad: 300000, script: 30000}, unhandledPromptBehavior: dismiss and notify, webauthn:extension:credBlob: true, webauthn:extension:largeBlob: true, webauthn:extension:minPinLength: true, webauthn:extension:prf: true, webauthn:virtualAuthenticators: true}
Session ID: a4605a407059514f09604facc91f6fe2
at java.base/jdk.internal.reflect.DirectConstructorHandleAccessor.newInstance(DirectConstructorHandleAccessor.java:62)
at java.base/java.lang.reflect.Constructor.newInstanceWithCaller(Constructor.java:502)
at java.base/java.lang.reflect.Constructor.newInstance(Constructor.java:486)
at org.openqa.selenium.remote.ErrorCodec.decode(ErrorCodec.java:167)
at org.openqa.selenium.remote.codec.w3c.W3CHttpResponseCodec.decode(W3CHttpResponseCodec.java:138)
at org.openqa.selenium.remote.codec.w3c.W3CHttpResponseCodec.decode(W3CHttpResponseCodec.java:50)
at org.openqa.selenium.remote.HttpCommandExecutor.execute(HttpCommandExecutor.java:215)
at org.openqa.selenium.remote.service.DriverCommandExecutor.invokeExecute(DriverCommandExecutor.java:216)
at org.openqa.selenium.remote.service.DriverCommandExecutor.execute(DriverCommandExecutor.java:174)
at org.openqa.selenium.remote.RemoteWebDriver.execute(RemoteWebDriver.java:545)
at org.openqa.selenium.remote.ElementLocation$ElementFinder$2.findElement(ElementLocation.java:165)
at org.openqa.selenium.remote.ElementLocation.findElement(ElementLocation.java:59)
at org.openqa.selenium.remote.RemoteWebDriver.findElement(RemoteWebDriver.java:368)
at org.openqa.selenium.remote.RemoteWebDriver.findElement(RemoteWebDriver.java:362)
at org.openqa.selenium.support.pagefactory.DefaultElementLocator.findElement(DefaultElementLocator.java:68)
at org.openqa.selenium.support.pagefactory.internal.LocatingElementHandler.invoke(LocatingElementHandler.java:38)
at jdk.proxy2/jdk.proxy2.$Proxy13.getText(Unknown Source)
at alertsFrameAndWindows.BrowserWindowsTest.BrowserWindow(BrowserWindowsTest.java:41)
at java.base/jdk.internal.reflect.DirectMethodHandleAccessor.invoke(DirectMethodHandleAccessor.java:103)
at java.base/java.lang.reflect.Method.invoke(Method.java:580)
at org.testng.internal.MethodInvocationHelper.invokeMethod(MethodInvocationHelper.java:133)
at org.testng.internal.TestInvoker.invokeMethod(TestInvoker.java:598)
at org.testng.internal.TestInvoker.invokeTestMethod(TestInvoker.java:173)
at org.testng.internal.MethodRunner.runInSequence(MethodRunner.java:46)
at org.testng.internal.TestInvoker$MethodInvocationAgent.invoke(TestInvoker.java:824)
at org.testng.internal.TestInvoker.invokeTestMethods(TestInvoker.java:146)
at org.testng.internal.TestMethodWorker.invokeTestMethods(TestMethodWorker.java:146)
at org.testng.internal.TestMethodWorker.run(TestMethodWorker.java:128)
at java.base/java.util.ArrayList.forEach(ArrayList.java:1596)
at org.testng.TestRunner.privateRun(TestRunner.java:794)
at org.testng.TestRunner.run(TestRunner.java:596)
at org.testng.SuiteRunner.runTest(SuiteRunner.java:377)
at org.testng.SuiteRunner.runSequentially(SuiteRunner.java:371)
at org.testng.SuiteRunner.privateRun(SuiteRunner.java:332)
at org.testng.SuiteRunner.run(SuiteRunner.java:276)
at org.testng.SuiteRunnerWorker.runSuite(SuiteRunnerWorker.java:53)
at org.testng.SuiteRunnerWorker.run(SuiteRunnerWorker.java:96)
at org.testng.TestNG.runSuitesSequentially(TestNG.java:1212)
at org.testng.TestNG.runSuitesLocally(TestNG.java:1134)
at org.testng.TestNG.runSuites(TestNG.java:1063)
at org.testng.TestNG.run(TestNG.java:1031)
at org.testng.remote.AbstractRemoteTestNG.run(AbstractRemoteTestNG.java:115)
at org.testng.remote.RemoteTestNG.initAndRun(RemoteTestNG.java:293)
at org.testng.remote.RemoteTestNG.main(RemoteTestNG.java:91)
]]>
            </full-stacktrace>
          </exception> <!-- org.openqa.selenium.NoSuchElementException -->
          <reporter-output>
          </reporter-output>
        </test-method> <!-- BrowserWindow -->
        <test-method is-config="true" signature="tearDown()[pri:0, instance:alertsFrameAndWindows.BrowserWindowsTest@1ea9f6af]" started-at="2025-01-23T13:39:40 IST" name="tearDown" finished-at="2025-01-23T13:39:40 IST" duration-ms="103" status="PASS">
          <reporter-output>
          </reporter-output>
        </test-method> <!-- tearDown -->
      </class> <!-- alertsFrameAndWindows.BrowserWindowsTest -->
      <class name="alertsFrameAndWindows.NestedFrameTest">
        <test-method is-config="true" signature="LaunchApplication()[pri:0, instance:alertsFrameAndWindows.NestedFrameTest@694abbdc]" started-at="2025-01-23T13:40:38 IST" name="LaunchApplication" finished-at="2025-01-23T13:40:44 IST" duration-ms="6018" status="PASS">
          <reporter-output>
          </reporter-output>
        </test-method> <!-- LaunchApplication -->
        <test-method signature="NestedFramesTest()[pri:0, instance:alertsFrameAndWindows.NestedFrameTest@694abbdc]" started-at="2025-01-23T13:40:44 IST" name="NestedFramesTest" finished-at="2025-01-23T13:40:44 IST" duration-ms="429" status="PASS">
          <reporter-output>
          </reporter-output>
        </test-method> <!-- NestedFramesTest -->
        <test-method is-config="true" signature="tearDown()[pri:0, instance:alertsFrameAndWindows.NestedFrameTest@694abbdc]" started-at="2025-01-23T13:40:44 IST" name="tearDown" finished-at="2025-01-23T13:40:44 IST" duration-ms="90" status="PASS">
          <reporter-output>
          </reporter-output>
        </test-method> <!-- tearDown -->
      </class> <!-- alertsFrameAndWindows.NestedFrameTest -->
      <class name="widgets.AccordianTests">
        <test-method is-config="true" signature="LaunchApplication()[pri:0, instance:widgets.AccordianTests@a514af7]" started-at="2025-01-23T13:43:21 IST" name="LaunchApplication" finished-at="2025-01-23T13:43:26 IST" duration-ms="5139" status="PASS">
          <reporter-output>
          </reporter-output>
        </test-method> <!-- LaunchApplication -->
        <test-method signature="AccordianTest()[pri:0, instance:widgets.AccordianTests@a514af7]" started-at="2025-01-23T13:43:26 IST" name="AccordianTest" finished-at="2025-01-23T13:43:28 IST" duration-ms="1995" status="PASS">
          <reporter-output>
          </reporter-output>
        </test-method> <!-- AccordianTest -->
        <test-method is-config="true" signature="tearDown()[pri:0, instance:widgets.AccordianTests@a514af7]" started-at="2025-01-23T13:43:28 IST" name="tearDown" finished-at="2025-01-23T13:43:28 IST" duration-ms="96" status="PASS">
          <reporter-output>
          </reporter-output>
        </test-method> <!-- tearDown -->
      </class> <!-- widgets.AccordianTests -->
      <class name="widgets.SelectMenuTests">
        <test-method is-config="true" signature="LaunchApplication()[pri:0, instance:widgets.SelectMenuTests@79924b]" started-at="2025-01-23T13:44:05 IST" name="LaunchApplication" finished-at="2025-01-23T13:44:11 IST" duration-ms="5986" status="PASS">
          <reporter-output>
          </reporter-output>
        </test-method> <!-- LaunchApplication -->
        <test-method signature="SelectMenuTest()[pri:0, instance:widgets.SelectMenuTests@79924b]" started-at="2025-01-23T13:44:11 IST" name="SelectMenuTest" finished-at="2025-01-23T13:44:12 IST" duration-ms="922" status="PASS">
          <reporter-output>
          </reporter-output>
        </test-method> <!-- SelectMenuTest -->
        <test-method is-config="true" signature="tearDown()[pri:0, instance:widgets.SelectMenuTests@79924b]" started-at="2025-01-23T13:44:12 IST" name="tearDown" finished-at="2025-01-23T13:44:12 IST" duration-ms="94" status="PASS">
          <reporter-output>
          </reporter-output>
        </test-method> <!-- tearDown -->
      </class> <!-- widgets.SelectMenuTests -->
      <class name="widgets.SliderTests">
        <test-method is-config="true" signature="LaunchApplication()[pri:0, instance:widgets.SliderTests@4466af20]" started-at="2025-01-23T13:43:14 IST" name="LaunchApplication" finished-at="2025-01-23T13:43:20 IST" duration-ms="5607" status="PASS">
          <reporter-output>
          </reporter-output>
        </test-method> <!-- LaunchApplication -->
        <test-method signature="SliderTest()[pri:0, instance:widgets.SliderTests@4466af20]" started-at="2025-01-23T13:43:20 IST" name="SliderTest" finished-at="2025-01-23T13:43:21 IST" duration-ms="617" status="PASS">
          <reporter-output>
          </reporter-output>
        </test-method> <!-- SliderTest -->
        <test-method is-config="true" signature="tearDown()[pri:0, instance:widgets.SliderTests@4466af20]" started-at="2025-01-23T13:43:21 IST" name="tearDown" finished-at="2025-01-23T13:43:21 IST" duration-ms="87" status="PASS">
          <reporter-output>
          </reporter-output>
        </test-method> <!-- tearDown -->
      </class> <!-- widgets.SliderTests -->
      <class name="alertsFrameAndWindows.AlertsTest">
        <test-method is-config="true" signature="LaunchApplication()[pri:0, instance:alertsFrameAndWindows.AlertsTest@2e005c4b]" started-at="2025-01-23T13:40:44 IST" name="LaunchApplication" finished-at="2025-01-23T13:40:50 IST" duration-ms="5575" status="PASS">
          <reporter-output>
          </reporter-output>
        </test-method> <!-- LaunchApplication -->
        <test-method signature="AlertTests()[pri:0, instance:alertsFrameAndWindows.AlertsTest@2e005c4b]" started-at="2025-01-23T13:40:50 IST" name="AlertTests" finished-at="2025-01-23T13:40:56 IST" duration-ms="5609" status="PASS">
          <reporter-output>
          </reporter-output>
        </test-method> <!-- AlertTests -->
        <test-method is-config="true" signature="tearDown()[pri:0, instance:alertsFrameAndWindows.AlertsTest@2e005c4b]" started-at="2025-01-23T13:40:56 IST" name="tearDown" finished-at="2025-01-23T13:40:56 IST" duration-ms="102" status="PASS">
          <reporter-output>
          </reporter-output>
        </test-method> <!-- tearDown -->
      </class> <!-- alertsFrameAndWindows.AlertsTest -->
      <class name="ElementsTests.FileUploadNdDownloadTest">
        <test-method is-config="true" signature="LaunchApplication()[pri:0, instance:ElementsTests.FileUploadNdDownloadTest@44ebcd03]" started-at="2025-01-23T13:40:30 IST" name="LaunchApplication" finished-at="2025-01-23T13:40:37 IST" duration-ms="6990" status="PASS">
          <reporter-output>
          </reporter-output>
        </test-method> <!-- LaunchApplication -->
        <test-method signature="FileDownloadtest()[pri:0, instance:ElementsTests.FileUploadNdDownloadTest@44ebcd03]" started-at="2025-01-23T13:40:37 IST" name="FileDownloadtest" finished-at="2025-01-23T13:40:38 IST" duration-ms="263" status="PASS">
          <reporter-output>
          </reporter-output>
        </test-method> <!-- FileDownloadtest -->
        <test-method is-config="true" signature="tearDown()[pri:0, instance:ElementsTests.FileUploadNdDownloadTest@44ebcd03]" started-at="2025-01-23T13:40:38 IST" name="tearDown" finished-at="2025-01-23T13:40:38 IST" duration-ms="88" status="PASS">
          <reporter-output>
          </reporter-output>
        </test-method> <!-- tearDown -->
      </class> <!-- ElementsTests.FileUploadNdDownloadTest -->
      <class name="ElementsTests.WebTablesTest">
        <test-method is-config="true" signature="LaunchApplication()[pri:0, instance:ElementsTests.WebTablesTest@3e58a80e]" started-at="2025-01-23T13:43:34 IST" name="LaunchApplication" finished-at="2025-01-23T13:43:39 IST" duration-ms="5188" status="PASS">
          <reporter-output>
          </reporter-output>
        </test-method> <!-- LaunchApplication -->
        <test-method signature="FillForm()[pri:0, instance:ElementsTests.WebTablesTest@3e58a80e]" started-at="2025-01-23T13:43:39 IST" name="FillForm" finished-at="2025-01-23T13:43:41 IST" duration-ms="1290" status="PASS">
          <reporter-output>
          </reporter-output>
        </test-method> <!-- FillForm -->
        <test-method is-config="true" signature="tearDown()[pri:0, instance:ElementsTests.WebTablesTest@3e58a80e]" started-at="2025-01-23T13:43:41 IST" name="tearDown" finished-at="2025-01-23T13:43:41 IST" duration-ms="91" status="PASS">
          <reporter-output>
          </reporter-output>
        </test-method> <!-- tearDown -->
      </class> <!-- ElementsTests.WebTablesTest -->
      <class name="interactionsTests.ResizableTests">
        <test-method is-config="true" signature="LaunchApplication()[pri:0, instance:interactionsTests.ResizableTests@4f18837a]" started-at="2025-01-23T13:42:18 IST" name="LaunchApplication" finished-at="2025-01-23T13:42:23 IST" duration-ms="5532" status="PASS">
          <reporter-output>
          </reporter-output>
        </test-method> <!-- LaunchApplication -->
        <test-method signature="ResizableTest()[pri:0, instance:interactionsTests.ResizableTests@4f18837a]" started-at="2025-01-23T13:42:23 IST" name="ResizableTest" finished-at="2025-01-23T13:42:24 IST" duration-ms="572" status="PASS">
          <reporter-output>
          </reporter-output>
        </test-method> <!-- ResizableTest -->
        <test-method is-config="true" signature="tearDown()[pri:0, instance:interactionsTests.ResizableTests@4f18837a]" started-at="2025-01-23T13:42:24 IST" name="tearDown" finished-at="2025-01-23T13:42:24 IST" duration-ms="91" status="PASS">
          <reporter-output>
          </reporter-output>
        </test-method> <!-- tearDown -->
      </class> <!-- interactionsTests.ResizableTests -->
      <class name="ElementsTests.linksTest">
        <test-method is-config="true" signature="LaunchApplication()[pri:0, instance:ElementsTests.linksTest@3bb9a3ff]" started-at="2025-01-23T13:39:42 IST" name="LaunchApplication" finished-at="2025-01-23T13:39:46 IST" duration-ms="4126" status="PASS">
          <reporter-output>
          </reporter-output>
        </test-method> <!-- LaunchApplication -->
        <test-method signature="LinksTest()[pri:0, instance:ElementsTests.linksTest@3bb9a3ff]" started-at="2025-01-23T13:39:46 IST" name="LinksTest" finished-at="2025-01-23T13:39:55 IST" duration-ms="8875" status="PASS">
          <reporter-output>
          </reporter-output>
        </test-method> <!-- LinksTest -->
        <test-method is-config="true" signature="tearDown()[pri:0, instance:ElementsTests.linksTest@3bb9a3ff]" started-at="2025-01-23T13:39:55 IST" name="tearDown" finished-at="2025-01-23T13:39:55 IST" duration-ms="108" status="PASS">
          <reporter-output>
          </reporter-output>
        </test-method> <!-- tearDown -->
      </class> <!-- ElementsTests.linksTest -->
      <class name="interactionsTests.SortableTests">
        <test-method is-config="true" signature="LaunchApplication()[pri:0, instance:interactionsTests.SortableTests@4f6ee6e4]" started-at="2025-01-23T13:43:06 IST" name="LaunchApplication" finished-at="2025-01-23T13:43:13 IST" duration-ms="6501" status="PASS">
          <reporter-output>
          </reporter-output>
        </test-method> <!-- LaunchApplication -->
        <test-method signature="SortableTest()[pri:0, instance:interactionsTests.SortableTests@4f6ee6e4]" started-at="2025-01-23T13:43:13 IST" name="SortableTest" finished-at="2025-01-23T13:43:14 IST" duration-ms="1453" status="PASS">
          <reporter-output>
          </reporter-output>
        </test-method> <!-- SortableTest -->
        <test-method is-config="true" signature="tearDown()[pri:0, instance:interactionsTests.SortableTests@4f6ee6e4]" started-at="2025-01-23T13:43:14 IST" name="tearDown" finished-at="2025-01-23T13:43:14 IST" duration-ms="95" status="PASS">
          <reporter-output>
          </reporter-output>
        </test-method> <!-- tearDown -->
      </class> <!-- interactionsTests.SortableTests -->
      <class name="widgets.ToolTipTests">
        <test-method is-config="true" signature="LaunchApplication()[pri:0, instance:widgets.ToolTipTests@359f7cdf]" started-at="2025-01-23T13:42:24 IST" name="LaunchApplication" finished-at="2025-01-23T13:42:30 IST" duration-ms="5889" status="PASS">
          <reporter-output>
          </reporter-output>
        </test-method> <!-- LaunchApplication -->
        <test-method signature="ToolTipTest()[pri:0, instance:widgets.ToolTipTests@359f7cdf]" started-at="2025-01-23T13:42:30 IST" name="ToolTipTest" finished-at="2025-01-23T13:43:00 IST" duration-ms="30341" status="FAIL">
          <exception class="org.openqa.selenium.TimeoutException">
            <message>
              <![CDATA[Expected condition failed: waiting for visibility of Proxy element for: DefaultElementLocator 'By.xpath: //div[@id='buttonToolTip']/div[2]' (tried for 30 second(s) with 500 milliseconds interval)]]>
            </message>
            <full-stacktrace>
              <![CDATA[org.openqa.selenium.TimeoutException: Expected condition failed: waiting for visibility of Proxy element for: DefaultElementLocator 'By.xpath: //div[@id='buttonToolTip']/div[2]' (tried for 30 second(s) with 500 milliseconds interval)
at org.openqa.selenium.support.ui.WebDriverWait.timeoutException(WebDriverWait.java:84)
at org.openqa.selenium.support.ui.FluentWait.until(FluentWait.java:228)
at Resources.BasicActions.WaitForElementToBeVisibile(BasicActions.java:41)
at Resources.BasicActions.ScrollUsingJSE(BasicActions.java:322)
at Resources.BasicActions.AssertWithContains(BasicActions.java:80)
at widgets.ToolTipTests.ToolTipTest(ToolTipTests.java:27)
at java.base/jdk.internal.reflect.DirectMethodHandleAccessor.invoke(DirectMethodHandleAccessor.java:103)
at java.base/java.lang.reflect.Method.invoke(Method.java:580)
at org.testng.internal.MethodInvocationHelper.invokeMethod(MethodInvocationHelper.java:133)
at org.testng.internal.TestInvoker.invokeMethod(TestInvoker.java:598)
at org.testng.internal.TestInvoker.invokeTestMethod(TestInvoker.java:173)
at org.testng.internal.MethodRunner.runInSequence(MethodRunner.java:46)
at org.testng.internal.TestInvoker$MethodInvocationAgent.invoke(TestInvoker.java:824)
at org.testng.internal.TestInvoker.invokeTestMethods(TestInvoker.java:146)
at org.testng.internal.TestMethodWorker.invokeTestMethods(TestMethodWorker.java:146)
at org.testng.internal.TestMethodWorker.run(TestMethodWorker.java:128)
at java.base/java.util.ArrayList.forEach(ArrayList.java:1596)
at org.testng.TestRunner.privateRun(TestRunner.java:794)
at org.testng.TestRunner.run(TestRunner.java:596)
at org.testng.SuiteRunner.runTest(SuiteRunner.java:377)
at org.testng.SuiteRunner.runSequentially(SuiteRunner.java:371)
at org.testng.SuiteRunner.privateRun(SuiteRunner.java:332)
at org.testng.SuiteRunner.run(SuiteRunner.java:276)
at org.testng.SuiteRunnerWorker.runSuite(SuiteRunnerWorker.java:53)
at org.testng.SuiteRunnerWorker.run(SuiteRunnerWorker.java:96)
at org.testng.TestNG.runSuitesSequentially(TestNG.java:1212)
at org.testng.TestNG.runSuitesLocally(TestNG.java:1134)
at org.testng.TestNG.runSuites(TestNG.java:1063)
at org.testng.TestNG.run(TestNG.java:1031)
at org.testng.remote.AbstractRemoteTestNG.run(AbstractRemoteTestNG.java:115)
at org.testng.remote.RemoteTestNG.initAndRun(RemoteTestNG.java:293)
at org.testng.remote.RemoteTestNG.main(RemoteTestNG.java:91)
Caused by: org.openqa.selenium.NoSuchElementException: no such element: Unable to locate element: {"method":"xpath","selector":"//div[@id='buttonToolTip']/div[2]"}
  (Session info: chrome=132.0.6834.83)
For documentation on this error, please visit: https://www.selenium.dev/documentation/webdriver/troubleshooting/errors#no-such-element-exception
Build info: version: '4.28.0', revision: 'ac342546e9'
System info: os.name: 'Mac OS X', os.arch: 'aarch64', os.version: '15.2', java.version: '21.0.5'
Driver info: org.openqa.selenium.chrome.ChromeDriver
Command: [aed58bbf24154937d6a8285da69aef32, findElement {value=//div[@id='buttonToolTip']/div[2], using=xpath}]
Capabilities {acceptInsecureCerts: false, browserName: chrome, browserVersion: 132.0.6834.83, chrome: {chromedriverVersion: 132.0.6834.110 (df453a35f09..., userDataDir: /var/folders/67/bllzsgkd0gj...}, fedcm:accounts: true, goog:chromeOptions: {debuggerAddress: localhost:59686}, networkConnectionEnabled: false, pageLoadStrategy: normal, platformName: mac, proxy: Proxy(), se:cdp: ws://localhost:59686/devtoo..., se:cdpVersion: 132.0.6834.83, setWindowRect: true, strictFileInteractability: false, timeouts: {implicit: 0, pageLoad: 300000, script: 30000}, unhandledPromptBehavior: dismiss and notify, webauthn:extension:credBlob: true, webauthn:extension:largeBlob: true, webauthn:extension:minPinLength: true, webauthn:extension:prf: true, webauthn:virtualAuthenticators: true}
Session ID: aed58bbf24154937d6a8285da69aef32
at java.base/jdk.internal.reflect.DirectConstructorHandleAccessor.newInstance(DirectConstructorHandleAccessor.java:62)
at java.base/java.lang.reflect.Constructor.newInstanceWithCaller(Constructor.java:502)
at java.base/java.lang.reflect.Constructor.newInstance(Constructor.java:486)
at org.openqa.selenium.remote.ErrorCodec.decode(ErrorCodec.java:167)
at org.openqa.selenium.remote.codec.w3c.W3CHttpResponseCodec.decode(W3CHttpResponseCodec.java:138)
at org.openqa.selenium.remote.codec.w3c.W3CHttpResponseCodec.decode(W3CHttpResponseCodec.java:50)
at org.openqa.selenium.remote.HttpCommandExecutor.execute(HttpCommandExecutor.java:215)
at org.openqa.selenium.remote.service.DriverCommandExecutor.invokeExecute(DriverCommandExecutor.java:216)
at org.openqa.selenium.remote.service.DriverCommandExecutor.execute(DriverCommandExecutor.java:174)
at org.openqa.selenium.remote.RemoteWebDriver.execute(RemoteWebDriver.java:545)
at org.openqa.selenium.remote.ElementLocation$ElementFinder$2.findElement(ElementLocation.java:165)
at org.openqa.selenium.remote.ElementLocation.findElement(ElementLocation.java:59)
at org.openqa.selenium.remote.RemoteWebDriver.findElement(RemoteWebDriver.java:368)
at org.openqa.selenium.remote.RemoteWebDriver.findElement(RemoteWebDriver.java:362)
at org.openqa.selenium.support.pagefactory.DefaultElementLocator.findElement(DefaultElementLocator.java:68)
at org.openqa.selenium.support.pagefactory.internal.LocatingElementHandler.invoke(LocatingElementHandler.java:38)
at jdk.proxy2/jdk.proxy2.$Proxy13.isDisplayed(Unknown Source)
at org.openqa.selenium.support.ui.ExpectedConditions.elementIfVisible(ExpectedConditions.java:304)
at org.openqa.selenium.support.ui.ExpectedConditions$10.apply(ExpectedConditions.java:290)
at org.openqa.selenium.support.ui.ExpectedConditions$10.apply(ExpectedConditions.java:287)
at org.openqa.selenium.support.ui.FluentWait.until(FluentWait.java:203)
... 30 more
]]>
            </full-stacktrace>
          </exception> <!-- org.openqa.selenium.TimeoutException -->
          <reporter-output>
          </reporter-output>
        </test-method> <!-- ToolTipTest -->
        <test-method is-config="true" signature="tearDown()[pri:0, instance:widgets.ToolTipTests@359f7cdf]" started-at="2025-01-23T13:43:00 IST" name="tearDown" finished-at="2025-01-23T13:43:00 IST" duration-ms="118" status="PASS">
          <reporter-output>
          </reporter-output>
        </test-method> <!-- tearDown -->
      </class> <!-- widgets.ToolTipTests -->
      <class name="interactionsTests.SelectableTests">
        <test-method is-config="true" signature="LaunchApplication()[pri:0, instance:interactionsTests.SelectableTests@5ffead27]" started-at="2025-01-23T13:41:32 IST" name="LaunchApplication" finished-at="2025-01-23T13:41:38 IST" duration-ms="5796" status="PASS">
          <reporter-output>
          </reporter-output>
        </test-method> <!-- LaunchApplication -->
        <test-method signature="SelectableTest()[pri:0, instance:interactionsTests.SelectableTests@5ffead27]" started-at="2025-01-23T13:41:38 IST" name="SelectableTest" finished-at="2025-01-23T13:41:40 IST" duration-ms="2506" status="PASS">
          <reporter-output>
          </reporter-output>
        </test-method> <!-- SelectableTest -->
        <test-method is-config="true" signature="tearDown()[pri:0, instance:interactionsTests.SelectableTests@5ffead27]" started-at="2025-01-23T13:41:40 IST" name="tearDown" finished-at="2025-01-23T13:41:41 IST" duration-ms="95" status="PASS">
          <reporter-output>
          </reporter-output>
        </test-method> <!-- tearDown -->
      </class> <!-- interactionsTests.SelectableTests -->
      <class name="interactionsTests.DroppableTests">
        <test-method is-config="true" signature="LaunchApplication()[pri:0, instance:interactionsTests.DroppableTests@6356695f]" started-at="2025-01-23T13:41:41 IST" name="LaunchApplication" finished-at="2025-01-23T13:41:46 IST" duration-ms="5506" status="PASS">
          <reporter-output>
          </reporter-output>
        </test-method> <!-- LaunchApplication -->
        <test-method signature="DropTest()[pri:0, instance:interactionsTests.DroppableTests@6356695f]" started-at="2025-01-23T13:41:46 IST" name="DropTest" finished-at="2025-01-23T13:42:18 IST" duration-ms="31730" status="FAIL">
          <exception class="org.openqa.selenium.TimeoutException">
            <message>
              <![CDATA[Expected condition failed: waiting for text ('Dropped!') to be present in element [[ChromeDriver: chrome on mac (c1ae2ccc6203a4c9d6da22941dc836bc)] -> xpath: //div[@id='acceptDropContainer']/div[@id='droppable']] (tried for 30 second(s) with 500 milliseconds interval)
Build info: version: '4.28.0', revision: 'ac342546e9'
System info: os.name: 'Mac OS X', os.arch: 'aarch64', os.version: '15.2', java.version: '21.0.5'
Driver info: org.openqa.selenium.chrome.ChromeDriver
Capabilities {acceptInsecureCerts: false, browserName: chrome, browserVersion: 132.0.6834.83, chrome: {chromedriverVersion: 132.0.6834.110 (df453a35f09..., userDataDir: /var/folders/67/bllzsgkd0gj...}, fedcm:accounts: true, goog:chromeOptions: {debuggerAddress: localhost:59414}, networkConnectionEnabled: false, pageLoadStrategy: normal, platformName: mac, proxy: Proxy(), se:cdp: ws://localhost:59414/devtoo..., se:cdpVersion: 132.0.6834.83, setWindowRect: true, strictFileInteractability: false, timeouts: {implicit: 0, pageLoad: 300000, script: 30000}, unhandledPromptBehavior: dismiss and notify, webauthn:extension:credBlob: true, webauthn:extension:largeBlob: true, webauthn:extension:minPinLength: true, webauthn:extension:prf: true, webauthn:virtualAuthenticators: true}
Session ID: c1ae2ccc6203a4c9d6da22941dc836bc]]>
            </message>
            <full-stacktrace>
              <![CDATA[org.openqa.selenium.TimeoutException: Expected condition failed: waiting for text ('Dropped!') to be present in element [[ChromeDriver: chrome on mac (c1ae2ccc6203a4c9d6da22941dc836bc)] -> xpath: //div[@id='acceptDropContainer']/div[@id='droppable']] (tried for 30 second(s) with 500 milliseconds interval)
Build info: version: '4.28.0', revision: 'ac342546e9'
System info: os.name: 'Mac OS X', os.arch: 'aarch64', os.version: '15.2', java.version: '21.0.5'
Driver info: org.openqa.selenium.chrome.ChromeDriver
Capabilities {acceptInsecureCerts: false, browserName: chrome, browserVersion: 132.0.6834.83, chrome: {chromedriverVersion: 132.0.6834.110 (df453a35f09..., userDataDir: /var/folders/67/bllzsgkd0gj...}, fedcm:accounts: true, goog:chromeOptions: {debuggerAddress: localhost:59414}, networkConnectionEnabled: false, pageLoadStrategy: normal, platformName: mac, proxy: Proxy(), se:cdp: ws://localhost:59414/devtoo..., se:cdpVersion: 132.0.6834.83, setWindowRect: true, strictFileInteractability: false, timeouts: {implicit: 0, pageLoad: 300000, script: 30000}, unhandledPromptBehavior: dismiss and notify, webauthn:extension:credBlob: true, webauthn:extension:largeBlob: true, webauthn:extension:minPinLength: true, webauthn:extension:prf: true, webauthn:virtualAuthenticators: true}
Session ID: c1ae2ccc6203a4c9d6da22941dc836bc
at org.openqa.selenium.support.ui.WebDriverWait.timeoutException(WebDriverWait.java:84)
at org.openqa.selenium.support.ui.FluentWait.until(FluentWait.java:228)
at Resources.BasicActions.waitForElementTextToBe(BasicActions.java:37)
at interactionsTests.DroppableTests.DragAndDropWithTxtAssertn(DroppableTests.java:25)
at interactionsTests.DroppableTests.DropTest(DroppableTests.java:41)
at java.base/jdk.internal.reflect.DirectMethodHandleAccessor.invoke(DirectMethodHandleAccessor.java:103)
at java.base/java.lang.reflect.Method.invoke(Method.java:580)
at org.testng.internal.MethodInvocationHelper.invokeMethod(MethodInvocationHelper.java:133)
at org.testng.internal.TestInvoker.invokeMethod(TestInvoker.java:598)
at org.testng.internal.TestInvoker.invokeTestMethod(TestInvoker.java:173)
at org.testng.internal.MethodRunner.runInSequence(MethodRunner.java:46)
at org.testng.internal.TestInvoker$MethodInvocationAgent.invoke(TestInvoker.java:824)
at org.testng.internal.TestInvoker.invokeTestMethods(TestInvoker.java:146)
at org.testng.internal.TestMethodWorker.invokeTestMethods(TestMethodWorker.java:146)
at org.testng.internal.TestMethodWorker.run(TestMethodWorker.java:128)
at java.base/java.util.ArrayList.forEach(ArrayList.java:1596)
at org.testng.TestRunner.privateRun(TestRunner.java:794)
at org.testng.TestRunner.run(TestRunner.java:596)
at org.testng.SuiteRunner.runTest(SuiteRunner.java:377)
at org.testng.SuiteRunner.runSequentially(SuiteRunner.java:371)
at org.testng.SuiteRunner.privateRun(SuiteRunner.java:332)
at org.testng.SuiteRunner.run(SuiteRunner.java:276)
at org.testng.SuiteRunnerWorker.runSuite(SuiteRunnerWorker.java:53)
at org.testng.SuiteRunnerWorker.run(SuiteRunnerWorker.java:96)
at org.testng.TestNG.runSuitesSequentially(TestNG.java:1212)
at org.testng.TestNG.runSuitesLocally(TestNG.java:1134)
at org.testng.TestNG.runSuites(TestNG.java:1063)
at org.testng.TestNG.run(TestNG.java:1031)
at org.testng.remote.AbstractRemoteTestNG.run(AbstractRemoteTestNG.java:115)
at org.testng.remote.RemoteTestNG.initAndRun(RemoteTestNG.java:293)
at org.testng.remote.RemoteTestNG.main(RemoteTestNG.java:91)
]]>
            </full-stacktrace>
          </exception> <!-- org.openqa.selenium.TimeoutException -->
          <reporter-output>
          </reporter-output>
        </test-method> <!-- DropTest -->
        <test-method is-config="true" signature="tearDown()[pri:0, instance:interactionsTests.DroppableTests@6356695f]" started-at="2025-01-23T13:42:18 IST" name="tearDown" finished-at="2025-01-23T13:42:18 IST" duration-ms="104" status="PASS">
          <reporter-output>
          </reporter-output>
        </test-method> <!-- tearDown -->
      </class> <!-- interactionsTests.DroppableTests -->
    </test> <!-- Test -->
  </suite> <!-- Suite -->
</testng-results>
