<?xml version="1.0" encoding="UTF-8"?>
<testng-results ignored="0" total="1" passed="1" failed="0" skipped="0">
  <reporter-output>
  </reporter-output>
  <suite started-at="2024-11-08T18:26:54 IST" name="Default suite" finished-at="2024-11-08T18:27:09 IST" duration-ms="14857">
    <groups>
    </groups>
    <test started-at="2024-11-08T18:26:54 IST" name="Default test" finished-at="2024-11-08T18:27:09 IST" duration-ms="14857">
      <class name="widgets.ToolTipTests">
        <test-method is-config="true" signature="StartBrowser()[pri:0, instance:widgets.ToolTipTests@56cdfb3b]" started-at="2024-11-08T18:26:54 IST" name="StartBrowser" finished-at="2024-11-08T18:27:08 IST" duration-ms="13237" status="PASS">
          <reporter-output>
          </reporter-output>
        </test-method> <!-- StartBrowser -->
        <test-method signature="ToolTipTest()[pri:0, instance:widgets.ToolTipTests@56cdfb3b]" started-at="2024-11-08T18:27:08 IST" name="ToolTipTest" finished-at="2024-11-08T18:27:09 IST" duration-ms="1607" status="PASS">
          <reporter-output>
          </reporter-output>
        </test-method> <!-- ToolTipTest -->
      </class> <!-- widgets.ToolTipTests -->
    </test> <!-- Default test -->
  </suite> <!-- Default suite -->
</testng-results>
